<?xml version="1.0" encoding="UTF-8"?>
<!-- Generated by org.testng.reporters.JUnitReportReporter -->
<testsuite skipped="0" hostname="WKWIN2346927" name="gmailTest.HomePageTest" tests="1" failures="0" timestamp="22 Feb 2019 03:18:18 GMT" time="66.954" errors="0">
  <testcase name="HomePageTestload" time="66.954" classname="gmailTest.HomePageTest"/>
</testsuite> <!-- gmailTest.HomePageTest -->
