<?xml version="1.0" encoding="UTF-8"?>
<!-- Generated by org.testng.reporters.JUnitReportReporter -->
<testsuite skipped="0" hostname="WKWIN2346927" name="gmailTest.LoginTest" tests="1" failures="0" timestamp="22 Feb 2019 02:27:14 GMT" time="49.780" errors="0">
  <testcase name="HomePageTestload" time="49.780" classname="gmailTest.LoginTest"/>
</testsuite> <!-- gmailTest.LoginTest -->
